<?xml version="1.0" encoding="UTF-8"?>
<testng-results total="1" passed="1" failed="0" skipped="0">
  <reporter-output>
  </reporter-output>
  <suite started-at="2024-01-27T16:54:12Z" name="PracSuite" finished-at="2024-01-27T16:54:12Z" duration-ms="18">
    <groups>
    </groups>
    <test started-at="2024-01-27T16:54:12Z" name="PracTest" finished-at="2024-01-27T16:54:12Z" duration-ms="18">
      <class name="com.test.Addition">
        <test-method signature="testAdd()[pri:0, instance:com.test.Addition@20435c40]" started-at="2024-01-27T08:54:12Z" name="testAdd" finished-at="2024-01-27T08:54:12Z" duration-ms="9" status="PASS">
          <reporter-output>
          </reporter-output>
        </test-method> <!-- testAdd -->
      </class> <!-- com.test.Addition -->
    </test> <!-- PracTest -->
  </suite> <!-- PracSuite -->
</testng-results>
