<?xml version="1.0" encoding="UTF-8"?>
<testng-results total="1" passed="1" failed="0" skipped="0">
  <reporter-output>
  </reporter-output>
  <suite started-at="2024-01-27T16:51:22Z" name="Default suite" finished-at="2024-01-27T16:51:22Z" duration-ms="29">
    <groups>
    </groups>
    <test started-at="2024-01-27T16:51:22Z" name="Default test" finished-at="2024-01-27T16:51:22Z" duration-ms="29">
      <class name="com.test.Addition">
        <test-method signature="testAdd()[pri:0, instance:com.test.Addition@5a5338df]" started-at="2024-01-27T08:51:22Z" name="testAdd" finished-at="2024-01-27T08:51:22Z" duration-ms="11" status="PASS">
          <reporter-output>
          </reporter-output>
        </test-method> <!-- testAdd -->
      </class> <!-- com.test.Addition -->
    </test> <!-- Default test -->
  </suite> <!-- Default suite -->
</testng-results>
